\BOOKMARK [0][-]{chapter.1}{\376\377\000I\000n\000t\000r\000o\000d\000u\000c\000t\000i\000o\000n}{}% 1
\BOOKMARK [1][-]{section.1.1}{\376\377\000H\000o\000w\000\040\000t\000o\000\040\000r\000e\000a\000d\000\040\000t\000h\000i\000s\000\040\000m\000a\000n\000u\000a\000l\000?}{chapter.1}% 2
\BOOKMARK [1][-]{section.1.2}{\376\377\000I\000n\000s\000t\000a\000l\000l\000a\000t\000i\000o\000n}{chapter.1}% 3
\BOOKMARK [1][-]{section.1.3}{\376\377\000A\000d\000d\000i\000t\000i\000o\000n\000a\000l\000\040\000n\000e\000c\000e\000s\000s\000a\000r\000y\000\040\000p\000a\000c\000k\000a\000g\000e\000s}{chapter.1}% 4
\BOOKMARK [0][-]{chapter.2}{\376\377\000S\000i\000m\000p\000l\000e\000\040\000N\000e\000t\000w\000o\000r\000k\000s}{}% 5
\BOOKMARK [1][-]{section.2.1}{\376\377\000V\000e\000r\000t\000e\000x}{chapter.2}% 6
\BOOKMARK [1][-]{section.2.2}{\376\377\000E\000d\000g\000e}{chapter.2}% 7
\BOOKMARK [1][-]{section.2.3}{\376\377\000T\000e\000x\000t}{chapter.2}% 8
\BOOKMARK [0][-]{chapter.3}{\376\377\000C\000o\000m\000p\000l\000e\000x\000\040\000N\000e\000t\000w\000o\000r\000k\000s}{}% 9
\BOOKMARK [1][-]{section.3.1}{\376\377\000V\000e\000r\000t\000i\000c\000e\000s}{chapter.3}% 10
\BOOKMARK [1][-]{section.3.2}{\376\377\000E\000d\000g\000e\000s}{chapter.3}% 11
\BOOKMARK [0][-]{chapter.4}{\376\377\000M\000u\000l\000t\000i\000l\000a\000y\000e\000r\000\040\000N\000e\000t\000w\000o\000r\000k\000s}{}% 12
\BOOKMARK [1][-]{section.4.1}{\376\377\000S\000i\000m\000p\000l\000e\000\040\000N\000e\000t\000w\000o\000r\000k\000s}{chapter.4}% 13
\BOOKMARK [1][-]{section.4.2}{\376\377\000C\000o\000m\000p\000l\000e\000x\000\040\000N\000e\000t\000w\000o\000r\000k\000s}{chapter.4}% 14
\BOOKMARK [1][-]{section.4.3}{\376\377\000L\000a\000y\000e\000r\000s\000\040\000a\000n\000d\000\040\000L\000a\000y\000o\000u\000t\000s}{chapter.4}% 15
\BOOKMARK [1][-]{section.4.4}{\376\377\000P\000l\000a\000n\000e}{chapter.4}% 16
\BOOKMARK [0][-]{chapter.5}{\376\377\000D\000e\000f\000a\000u\000l\000t\000\040\000S\000e\000t\000t\000i\000n\000g\000s}{}% 17
\BOOKMARK [1][-]{section.5.1}{\376\377\000G\000e\000n\000e\000r\000a\000l\000\040\000S\000e\000t\000t\000i\000n\000g\000s}{chapter.5}% 18
\BOOKMARK [1][-]{section.5.2}{\376\377\000V\000e\000r\000t\000e\000x\000\040\000S\000t\000y\000l\000e}{chapter.5}% 19
\BOOKMARK [1][-]{section.5.3}{\376\377\000E\000d\000g\000e\000\040\000S\000t\000y\000l\000e}{chapter.5}% 20
\BOOKMARK [1][-]{section.5.4}{\376\377\000T\000e\000x\000t\000\040\000S\000t\000y\000l\000e}{chapter.5}% 21
\BOOKMARK [1][-]{section.5.5}{\376\377\000P\000l\000a\000n\000e\000\040\000S\000t\000y\000l\000e}{chapter.5}% 22
\BOOKMARK [0][-]{chapter.6}{\376\377\000T\000r\000o\000u\000b\000l\000e\000s\000h\000o\000o\000t\000i\000n\000g\000\040\000a\000n\000d\000\040\000S\000u\000p\000p\000o\000r\000t}{}% 23
\BOOKMARK [1][-]{section.6.1}{\376\377\000t\000i\000k\000z\000-\000n\000e\000t\000w\000o\000r\000k\000\040\000W\000e\000b\000s\000i\000t\000e}{chapter.6}% 24
\BOOKMARK [1][-]{section.6.2}{\376\377\000G\000e\000t\000t\000i\000n\000g\000\040\000H\000e\000l\000p}{chapter.6}% 25
\BOOKMARK [1][-]{section.6.3}{\376\377\000E\000r\000r\000o\000r\000s\000,\000\040\000W\000a\000r\000n\000i\000n\000g\000s\000,\000\040\000a\000n\000d\000\040\000I\000n\000f\000o\000r\000m\000a\000t\000i\000o\000n\000a\000l\000\040\000M\000e\000s\000s\000a\000g\000e\000s}{chapter.6}% 26
\BOOKMARK [1][-]{section.6.4}{\376\377\000P\000a\000c\000k\000a\000g\000e\000\040\000D\000e\000p\000e\000n\000d\000e\000n\000c\000i\000e\000s}{chapter.6}% 27
\BOOKMARK [0][-]{appendix.A}{\376\377\000T\000o\000D\000o}{}% 28
\BOOKMARK [1][-]{section.A.1}{\376\377\000C\000o\000d\000e\000\040\000t\000o\000\040\000f\000i\000x}{appendix.A}% 29
\BOOKMARK [1][-]{section.A.2}{\376\377\000D\000o\000c\000u\000m\000e\000n\000t\000a\000t\000i\000o\000n}{appendix.A}% 30
\BOOKMARK [1][-]{section.A.3}{\376\377\000F\000e\000a\000t\000u\000r\000e\000s}{appendix.A}% 31
\BOOKMARK [1][-]{section.A.4}{\376\377\000A\000d\000d\000-\000o\000n\000s}{appendix.A}% 32
\BOOKMARK [0][-]{appendix.B}{\376\377\000A\000d\000d\000-\000o\000n\000s}{}% 33
\BOOKMARK [1][-]{section.B.1}{\376\377\000P\000y\000t\000h\000o\000n\000\040\000n\000e\000t\000w\000o\000r\000k\000s\000\040\000t\000o\000\040\000T\000i\000k\000Z\000\040\000w\000i\000t\000h\000\040\000n\000e\000t\000w\000o\000r\000k\0002\000t\000i\000k\000z}{appendix.B}% 34
\BOOKMARK [0][-]{appendix*.2}{\376\377\000B\000i\000b\000l\000i\000o\000g\000r\000a\000p\000h\000y}{}% 35
